mode: set
bank-api/repository/merchant_repository.go:18.79,20.16 2 1
bank-api/repository/merchant_repository.go:20.16,23.3 2 1
bank-api/repository/merchant_repository.go:25.2,27.16 3 1
bank-api/repository/merchant_repository.go:27.16,30.3 2 1
bank-api/repository/merchant_repository.go:32.2,32.29 1 1
bank-api/repository/merchant_repository.go:32.29,33.20 1 1
bank-api/repository/merchant_repository.go:33.20,35.4 1 1
bank-api/repository/merchant_repository.go:38.2,38.31 1 1
bank-api/repository/merchant_repository.go:41.64,43.2 1 1
bank-api/repository/transaction_repository.go:25.97,27.16 2 1
bank-api/repository/transaction_repository.go:27.16,30.3 2 1
bank-api/repository/transaction_repository.go:32.2,34.16 3 1
bank-api/repository/transaction_repository.go:34.16,37.3 2 1
bank-api/repository/transaction_repository.go:39.2,40.16 2 1
bank-api/repository/transaction_repository.go:40.16,43.3 2 1
bank-api/repository/transaction_repository.go:45.2,46.16 2 1
bank-api/repository/transaction_repository.go:46.16,49.3 2 1
bank-api/repository/transaction_repository.go:51.2,62.16 4 1
bank-api/repository/transaction_repository.go:62.16,65.3 2 0
bank-api/repository/transaction_repository.go:67.2,68.16 2 1
bank-api/repository/transaction_repository.go:68.16,71.3 2 0
bank-api/repository/transaction_repository.go:73.2,73.28 1 1
bank-api/repository/transaction_repository.go:76.112,80.16 3 1
bank-api/repository/transaction_repository.go:80.16,83.3 2 1
bank-api/repository/transaction_repository.go:85.2,86.16 2 1
bank-api/repository/transaction_repository.go:86.16,89.3 2 1
bank-api/repository/transaction_repository.go:91.2,92.43 2 1
bank-api/repository/transaction_repository.go:92.43,93.38 1 1
bank-api/repository/transaction_repository.go:93.38,95.4 1 1
bank-api/repository/transaction_repository.go:98.2,104.26 5 1
bank-api/repository/transaction_repository.go:104.26,106.3 1 1
bank-api/repository/transaction_repository.go:108.2,117.38 3 1
bank-api/repository/transaction_repository.go:120.125,122.2 1 1
bank-api/repository/user_repository.go:21.71,23.16 2 1
bank-api/repository/user_repository.go:23.16,26.3 2 1
bank-api/repository/user_repository.go:28.2,30.16 3 1
bank-api/repository/user_repository.go:30.16,33.3 2 1
bank-api/repository/user_repository.go:35.2,35.29 1 1
bank-api/repository/user_repository.go:35.29,36.20 1 1
bank-api/repository/user_repository.go:36.20,38.4 1 1
bank-api/repository/user_repository.go:41.2,41.27 1 1
bank-api/repository/user_repository.go:44.87,48.16 3 1
bank-api/repository/user_repository.go:48.16,50.3 1 1
bank-api/repository/user_repository.go:52.2,53.16 2 1
bank-api/repository/user_repository.go:53.16,55.3 1 1
bank-api/repository/user_repository.go:57.2,57.29 1 1
bank-api/repository/user_repository.go:57.29,58.61 1 1
bank-api/repository/user_repository.go:58.61,60.4 1 1
bank-api/repository/user_repository.go:63.2,63.52 1 1
bank-api/repository/user_repository.go:66.56,68.2 1 1
bank-api/usecase/auth_usecase.go:18.87,20.16 2 1
bank-api/usecase/auth_usecase.go:20.16,22.3 1 1
bank-api/usecase/auth_usecase.go:23.2,24.16 2 1
bank-api/usecase/auth_usecase.go:24.16,26.3 1 1
bank-api/usecase/auth_usecase.go:27.2,27.19 1 1
bank-api/usecase/auth_usecase.go:30.64,33.16 2 1
bank-api/usecase/auth_usecase.go:33.16,35.3 1 1
bank-api/usecase/auth_usecase.go:36.2,36.12 1 1
bank-api/usecase/auth_usecase.go:39.80,41.2 1 1
bank-api/usecase/transaction_usecase.go:20.110,21.53 1 1
bank-api/usecase/transaction_usecase.go:21.53,23.3 1 1
bank-api/usecase/transaction_usecase.go:25.2,26.16 2 1
bank-api/usecase/transaction_usecase.go:26.16,28.3 1 1
bank-api/usecase/transaction_usecase.go:30.2,30.25 1 1
bank-api/usecase/transaction_usecase.go:33.133,35.2 1 1
bank-api/usecase/transaction_usecase.go:37.86,39.2 1 1
bank-api/usecase/user_usecase.go:18.89,20.38 1 1
bank-api/usecase/user_usecase.go:20.38,22.3 1 1
bank-api/usecase/user_usecase.go:23.2,23.20 1 1
bank-api/usecase/user_usecase.go:23.20,25.3 1 1
bank-api/usecase/user_usecase.go:26.2,26.20 1 1
bank-api/usecase/user_usecase.go:26.20,28.3 1 1
bank-api/usecase/user_usecase.go:30.2,31.16 2 1
bank-api/usecase/user_usecase.go:31.16,33.3 1 1
bank-api/usecase/user_usecase.go:35.2,35.23 1 1
bank-api/usecase/user_usecase.go:38.65,40.2 1 1
